Determining if the pthread_create exist failed with the following output:
Change Dir: /home/rss-student/camera/src/kinect/build/CMakeFiles/CMakeTmp

Run Build Command:/usr/bin/make "cmTryCompileExec1001026429/fast"
/usr/bin/make -f CMakeFiles/cmTryCompileExec1001026429.dir/build.make CMakeFiles/cmTryCompileExec1001026429.dir/build
make[1]: Entering directory `/home/rss-student/camera/src/kinect/build/CMakeFiles/CMakeTmp'
/usr/bin/cmake -E cmake_progress_report /home/rss-student/camera/src/kinect/build/CMakeFiles/CMakeTmp/CMakeFiles 1
Building C object CMakeFiles/cmTryCompileExec1001026429.dir/CheckSymbolExists.c.o
/usr/bin/cc    -o CMakeFiles/cmTryCompileExec1001026429.dir/CheckSymbolExists.c.o   -c /home/rss-student/camera/src/kinect/build/CMakeFiles/CMakeTmp/CheckSymbolExists.c
Linking C executable cmTryCompileExec1001026429
/usr/bin/cmake -E cmake_link_script CMakeFiles/cmTryCompileExec1001026429.dir/link.txt --verbose=1
/usr/bin/cc       CMakeFiles/cmTryCompileExec1001026429.dir/CheckSymbolExists.c.o  -o cmTryCompileExec1001026429 -rdynamic 
CMakeFiles/cmTryCompileExec1001026429.dir/CheckSymbolExists.c.o: In function `main':
CheckSymbolExists.c:(.text+0x16): undefined reference to `pthread_create'
collect2: error: ld returned 1 exit status
make[1]: *** [cmTryCompileExec1001026429] Error 1
make[1]: Leaving directory `/home/rss-student/camera/src/kinect/build/CMakeFiles/CMakeTmp'
make: *** [cmTryCompileExec1001026429/fast] Error 2

File /home/rss-student/camera/src/kinect/build/CMakeFiles/CMakeTmp/CheckSymbolExists.c:
/* */
#include <pthread.h>

int main(int argc, char** argv)
{
  (void)argv;
#ifndef pthread_create
  return ((int*)(&pthread_create))[argc];
#else
  (void)argc;
  return 0;
#endif
}

Determining if the function pthread_create exists in the pthreads failed with the following output:
Change Dir: /home/rss-student/camera/src/kinect/build/CMakeFiles/CMakeTmp

Run Build Command:/usr/bin/make "cmTryCompileExec1363297496/fast"
/usr/bin/make -f CMakeFiles/cmTryCompileExec1363297496.dir/build.make CMakeFiles/cmTryCompileExec1363297496.dir/build
make[1]: Entering directory `/home/rss-student/camera/src/kinect/build/CMakeFiles/CMakeTmp'
/usr/bin/cmake -E cmake_progress_report /home/rss-student/camera/src/kinect/build/CMakeFiles/CMakeTmp/CMakeFiles 1
Building C object CMakeFiles/cmTryCompileExec1363297496.dir/CheckFunctionExists.c.o
/usr/bin/cc   -DCHECK_FUNCTION_EXISTS=pthread_create   -o CMakeFiles/cmTryCompileExec1363297496.dir/CheckFunctionExists.c.o   -c /usr/share/cmake-2.8/Modules/CheckFunctionExists.c
Linking C executable cmTryCompileExec1363297496
/usr/bin/cmake -E cmake_link_script CMakeFiles/cmTryCompileExec1363297496.dir/link.txt --verbose=1
/usr/bin/cc   -DCHECK_FUNCTION_EXISTS=pthread_create    CMakeFiles/cmTryCompileExec1363297496.dir/CheckFunctionExists.c.o  -o cmTryCompileExec1363297496 -rdynamic -lpthreads 
/usr/bin/ld: cannot find -lpthreads
collect2: error: ld returned 1 exit status
make[1]: *** [cmTryCompileExec1363297496] Error 1
make[1]: Leaving directory `/home/rss-student/camera/src/kinect/build/CMakeFiles/CMakeTmp'
make: *** [cmTryCompileExec1363297496/fast] Error 2


