Determining if the pthread_create exist failed with the following output:
Change Dir: /home/rss-student/camera/build/CMakeFiles/CMakeTmp

Run Build Command:/usr/bin/make "cmTryCompileExec2538785816/fast"
/usr/bin/make -f CMakeFiles/cmTryCompileExec2538785816.dir/build.make CMakeFiles/cmTryCompileExec2538785816.dir/build
make[1]: Entering directory `/home/rss-student/camera/build/CMakeFiles/CMakeTmp'
/usr/bin/cmake -E cmake_progress_report /home/rss-student/camera/build/CMakeFiles/CMakeTmp/CMakeFiles 1
Building C object CMakeFiles/cmTryCompileExec2538785816.dir/CheckSymbolExists.c.o
/usr/bin/cc    -o CMakeFiles/cmTryCompileExec2538785816.dir/CheckSymbolExists.c.o   -c /home/rss-student/camera/build/CMakeFiles/CMakeTmp/CheckSymbolExists.c
Linking C executable cmTryCompileExec2538785816
/usr/bin/cmake -E cmake_link_script CMakeFiles/cmTryCompileExec2538785816.dir/link.txt --verbose=1
/usr/bin/cc       CMakeFiles/cmTryCompileExec2538785816.dir/CheckSymbolExists.c.o  -o cmTryCompileExec2538785816 -rdynamic 
CMakeFiles/cmTryCompileExec2538785816.dir/CheckSymbolExists.c.o: In function `main':
CheckSymbolExists.c:(.text+0x16): undefined reference to `pthread_create'
collect2: error: ld returned 1 exit status
make[1]: *** [cmTryCompileExec2538785816] Error 1
make[1]: Leaving directory `/home/rss-student/camera/build/CMakeFiles/CMakeTmp'
make: *** [cmTryCompileExec2538785816/fast] Error 2

File /home/rss-student/camera/build/CMakeFiles/CMakeTmp/CheckSymbolExists.c:
/* */
#include <pthread.h>

int main(int argc, char** argv)
{
  (void)argv;
#ifndef pthread_create
  return ((int*)(&pthread_create))[argc];
#else
  (void)argc;
  return 0;
#endif
}

Determining if the function pthread_create exists in the pthreads failed with the following output:
Change Dir: /home/rss-student/camera/build/CMakeFiles/CMakeTmp

Run Build Command:/usr/bin/make "cmTryCompileExec4281505571/fast"
/usr/bin/make -f CMakeFiles/cmTryCompileExec4281505571.dir/build.make CMakeFiles/cmTryCompileExec4281505571.dir/build
make[1]: Entering directory `/home/rss-student/camera/build/CMakeFiles/CMakeTmp'
/usr/bin/cmake -E cmake_progress_report /home/rss-student/camera/build/CMakeFiles/CMakeTmp/CMakeFiles 1
Building C object CMakeFiles/cmTryCompileExec4281505571.dir/CheckFunctionExists.c.o
/usr/bin/cc   -DCHECK_FUNCTION_EXISTS=pthread_create   -o CMakeFiles/cmTryCompileExec4281505571.dir/CheckFunctionExists.c.o   -c /usr/share/cmake-2.8/Modules/CheckFunctionExists.c
Linking C executable cmTryCompileExec4281505571
/usr/bin/cmake -E cmake_link_script CMakeFiles/cmTryCompileExec4281505571.dir/link.txt --verbose=1
/usr/bin/cc   -DCHECK_FUNCTION_EXISTS=pthread_create    CMakeFiles/cmTryCompileExec4281505571.dir/CheckFunctionExists.c.o  -o cmTryCompileExec4281505571 -rdynamic -lpthreads 
/usr/bin/ld: cannot find -lpthreads
collect2: error: ld returned 1 exit status
make[1]: *** [cmTryCompileExec4281505571] Error 1
make[1]: Leaving directory `/home/rss-student/camera/build/CMakeFiles/CMakeTmp'
make: *** [cmTryCompileExec4281505571/fast] Error 2


